<?xml version="1.0" encoding="UTF-8"?>
<!-- Generated by org.testng.reporters.JUnitReportReporter -->
<testsuite hostname="Ragupathi" failures="0" tests="29" name="com.amazon.AmazonOrder" time="54.592" errors="2" timestamp="2023-07-03T14:03:39 IST" skipped="0">
  <testcase classname="com.amazon.AmazonOrder" name="titleCheck" time="0.445"/>
  <testcase classname="com.amazon.AmazonOrder" name="urlCheck" time="0.635"/>
  <testcase classname="com.amazon.AmazonOrder" name="click" time="1.139"/>
  <testcase classname="com.amazon.AmazonOrder" name="serach" time="0.627"/>
  <testcase classname="com.amazon.AmazonOrder" name="Clicksearch" time="2.375"/>
  <testcase classname="com.amazon.AmazonOrder" name="Switchwindow" time="0.491"/>
  <testcase classname="com.amazon.AmazonOrder" name="Clickphone" time="0.917"/>
  <testcase classname="com.amazon.AmazonOrder" name="Switchwindow1" time="0.543"/>
  <testcase classname="com.amazon.AmazonOrder" name="Clickcolour" time="1.064"/>
  <testcase classname="com.amazon.AmazonOrder" name="Clickram" time="5.167"/>
  <testcase classname="com.amazon.AmazonOrder" name="Clickaddtocartphone" time="0.488"/>
  <testcase classname="com.amazon.AmazonOrder" name="Clickcart" time="0.491"/>
  <testcase classname="com.amazon.AmazonOrder" name="Clickcomputer" time="2.841"/>
  <testcase classname="com.amazon.AmazonOrder" name="Clear" time="2.237"/>
  <testcase classname="com.amazon.AmazonOrder" name="click1" time="3.275"/>
  <testcase classname="com.amazon.AmazonOrder" name="Clicksearch1" time="3.080"/>
  <testcase classname="com.amazon.AmazonOrder" name="Clicklatop" time="8.079"/>
  <testcase classname="com.amazon.AmazonOrder" name="ClicklatopApple" time="2.751"/>
  <testcase classname="com.amazon.AmazonOrder" name="Clicklatopmodle" time="0.877"/>
  <testcase classname="com.amazon.AmazonOrder" name="Switchwindow2" time="0.572"/>
  <testcase classname="com.amazon.AmazonOrder" name="Clicklatopaddtocart" time="0.753"/>
  <testcase classname="com.amazon.AmazonOrder" name="clickxmark" time="1.377">
    <error message="Method com.amazon.AmazonOrder.clickxmark() didn&#039;t finish within the time-out 1000" type="org.testng.internal.thread.ThreadTimeoutException">
      <![CDATA[org.testng.internal.thread.ThreadTimeoutException: Method com.amazon.AmazonOrder.clickxmark() didn't finish within the time-out 1000
at java.base/jdk.internal.misc.Unsafe.park(Native Method)
at java.base/java.util.concurrent.locks.LockSupport.parkNanos(LockSupport.java:269)
at java.base/java.util.concurrent.CompletableFuture$Signaller.block(CompletableFuture.java:1866)
at java.base/java.util.concurrent.ForkJoinPool.unmanagedBlock(ForkJoinPool.java:3745)
at java.base/java.util.concurrent.ForkJoinPool.managedBlock(ForkJoinPool.java:3690)
at java.base/java.util.concurrent.CompletableFuture.timedGet(CompletableFuture.java:1939)
at java.base/java.util.concurrent.CompletableFuture.get(CompletableFuture.java:2095)
at org.asynchttpclient.netty.NettyResponseFuture.get(NettyResponseFuture.java:206)
at org.openqa.selenium.remote.http.netty.NettyHttpHandler.makeCall(NettyHttpHandler.java:59)
at org.openqa.selenium.remote.http.AddSeleniumUserAgent.lambda$apply$0(AddSeleniumUserAgent.java:42)
at org.openqa.selenium.remote.http.Filter.lambda$andFinally$1(Filter.java:55)
at org.openqa.selenium.remote.http.netty.NettyHttpHandler.execute(NettyHttpHandler.java:48)
at org.openqa.selenium.remote.http.AddSeleniumUserAgent.lambda$apply$0(AddSeleniumUserAgent.java:42)
at org.openqa.selenium.remote.http.Filter.lambda$andFinally$1(Filter.java:55)
at org.openqa.selenium.remote.http.netty.NettyClient.execute(NettyClient.java:97)
at org.openqa.selenium.remote.HttpCommandExecutor.execute(HttpCommandExecutor.java:188)
at org.openqa.selenium.remote.service.DriverCommandExecutor.invokeExecute(DriverCommandExecutor.java:196)
at org.openqa.selenium.remote.service.DriverCommandExecutor.execute(DriverCommandExecutor.java:171)
at org.openqa.selenium.remote.RemoteWebDriver.execute(RemoteWebDriver.java:531)
at org.openqa.selenium.remote.RemoteWebElement.execute(RemoteWebElement.java:242)
at org.openqa.selenium.remote.RemoteWebElement.click(RemoteWebElement.java:77)
at java.base/jdk.internal.reflect.DirectMethodHandleAccessor.invoke(DirectMethodHandleAccessor.java:104)
at java.base/java.lang.reflect.Method.invoke(Method.java:578)
at org.openqa.selenium.support.pagefactory.internal.LocatingElementHandler.invoke(LocatingElementHandler.java:51)
at jdk.proxy2/jdk.proxy2.$Proxy19.click(Unknown Source)
at com.mproject.ActualCode.click(ActualCode.java:78)
at com.amazon.AmazonOrder.clickxmark(AmazonOrder.java:148)
at java.base/jdk.internal.reflect.DirectMethodHandleAccessor.invoke(DirectMethodHandleAccessor.java:104)
at java.base/java.lang.reflect.Method.invoke(Method.java:578)
at org.testng.internal.invokers.MethodInvocationHelper.invokeMethod(MethodInvocationHelper.java:139)
at org.testng.internal.invokers.InvokeMethodRunnable.runOne(InvokeMethodRunnable.java:47)
at org.testng.internal.invokers.InvokeMethodRunnable.call(InvokeMethodRunnable.java:73)
at org.testng.internal.invokers.InvokeMethodRunnable.call(InvokeMethodRunnable.java:11)
at java.base/java.util.concurrent.FutureTask.run(FutureTask.java:317)
at java.base/java.util.concurrent.ThreadPoolExecutor.runWorker(ThreadPoolExecutor.java:1144)
at java.base/java.util.concurrent.ThreadPoolExecutor$Worker.run(ThreadPoolExecutor.java:642)
at java.base/java.lang.Thread.run(Thread.java:1589)
]]>
    </error>
  </testcase> <!-- clickxmark -->
  <testcase classname="com.amazon.AmazonOrder" name="clicksearch3" time="1.376">
    <error message="Method com.amazon.AmazonOrder.clicksearch3() didn&#039;t finish within the time-out 1000" type="org.testng.internal.thread.ThreadTimeoutException">
      <![CDATA[org.testng.internal.thread.ThreadTimeoutException: Method com.amazon.AmazonOrder.clicksearch3() didn't finish within the time-out 1000
at java.base/jdk.internal.misc.Unsafe.park(Native Method)
at java.base/java.util.concurrent.locks.LockSupport.parkNanos(LockSupport.java:269)
at java.base/java.util.concurrent.CompletableFuture$Signaller.block(CompletableFuture.java:1866)
at java.base/java.util.concurrent.ForkJoinPool.unmanagedBlock(ForkJoinPool.java:3745)
at java.base/java.util.concurrent.ForkJoinPool.managedBlock(ForkJoinPool.java:3690)
at java.base/java.util.concurrent.CompletableFuture.timedGet(CompletableFuture.java:1939)
at java.base/java.util.concurrent.CompletableFuture.get(CompletableFuture.java:2095)
at org.asynchttpclient.netty.NettyResponseFuture.get(NettyResponseFuture.java:206)
at org.openqa.selenium.remote.http.netty.NettyHttpHandler.makeCall(NettyHttpHandler.java:59)
at org.openqa.selenium.remote.http.AddSeleniumUserAgent.lambda$apply$0(AddSeleniumUserAgent.java:42)
at org.openqa.selenium.remote.http.Filter.lambda$andFinally$1(Filter.java:55)
at org.openqa.selenium.remote.http.netty.NettyHttpHandler.execute(NettyHttpHandler.java:48)
at org.openqa.selenium.remote.http.AddSeleniumUserAgent.lambda$apply$0(AddSeleniumUserAgent.java:42)
at org.openqa.selenium.remote.http.Filter.lambda$andFinally$1(Filter.java:55)
at org.openqa.selenium.remote.http.netty.NettyClient.execute(NettyClient.java:97)
at org.openqa.selenium.remote.HttpCommandExecutor.execute(HttpCommandExecutor.java:188)
at org.openqa.selenium.remote.service.DriverCommandExecutor.invokeExecute(DriverCommandExecutor.java:196)
at org.openqa.selenium.remote.service.DriverCommandExecutor.execute(DriverCommandExecutor.java:171)
at org.openqa.selenium.remote.RemoteWebDriver.execute(RemoteWebDriver.java:531)
at org.openqa.selenium.remote.RemoteWebElement.execute(RemoteWebElement.java:242)
at org.openqa.selenium.remote.RemoteWebElement.click(RemoteWebElement.java:77)
at java.base/jdk.internal.reflect.DirectMethodHandleAccessor.invoke(DirectMethodHandleAccessor.java:104)
at java.base/java.lang.reflect.Method.invoke(Method.java:578)
at org.openqa.selenium.support.pagefactory.internal.LocatingElementHandler.invoke(LocatingElementHandler.java:51)
at jdk.proxy2/jdk.proxy2.$Proxy19.click(Unknown Source)
at com.mproject.ActualCode.click(ActualCode.java:78)
at com.amazon.AmazonOrder.clicksearch3(AmazonOrder.java:153)
at java.base/jdk.internal.reflect.DirectMethodHandleAccessor.invoke(DirectMethodHandleAccessor.java:104)
at java.base/java.lang.reflect.Method.invoke(Method.java:578)
at org.testng.internal.invokers.MethodInvocationHelper.invokeMethod(MethodInvocationHelper.java:139)
at org.testng.internal.invokers.InvokeMethodRunnable.runOne(InvokeMethodRunnable.java:47)
at org.testng.internal.invokers.InvokeMethodRunnable.call(InvokeMethodRunnable.java:73)
at org.testng.internal.invokers.InvokeMethodRunnable.call(InvokeMethodRunnable.java:11)
at java.base/java.util.concurrent.FutureTask.run(FutureTask.java:317)
at java.base/java.util.concurrent.ThreadPoolExecutor.runWorker(ThreadPoolExecutor.java:1144)
at java.base/java.util.concurrent.ThreadPoolExecutor$Worker.run(ThreadPoolExecutor.java:642)
at java.base/java.lang.Thread.run(Thread.java:1589)
]]>
    </error>
  </testcase> <!-- clicksearch3 -->
  <testcase classname="com.amazon.AmazonOrder" name="serach3" time="3.982"/>
  <testcase classname="com.amazon.AmazonOrder" name="clicktv" time="1.076"/>
  <testcase classname="com.amazon.AmazonOrder" name="clicktvmodel" time="0.928"/>
  <testcase classname="com.amazon.AmazonOrder" name="Clicktocart" time="3.958"/>
  <testcase classname="com.amazon.AmazonOrder" name="Takescreenshot" time="0.803"/>
  <testcase classname="com.amazon.AmazonOrder" name="clickbuy" time="2.245"/>
  <system-out>
    <![CDATA[The browser is opened]]>
  </system-out>
</testsuite> <!-- com.amazon.AmazonOrder -->
